<?xml version="1.0" encoding="UTF-8"?>
<TestRun id="85767338-bcfd-497e-a7ac-ef3ede8a03f7" name="Administrator@UUM1R71IXPSAPEY 2016-06-16 09:45:38" runUser="UUM1R71IXPSAPEY\Administrator" xmlns="http://microsoft.com/schemas/VisualStudio/TeamTest/2010">
  <TestSettings name="本地" id="d1175858-48da-4a0e-addb-e0e174b72d3a">
    <Description>这些设置为本地测试运行的默认测试设置。</Description>
    <Deployment userDeploymentRoot="E:\高考必备\src\高考必备\Zxxk.Gkbb.Web\TestResults" useDefaultDeploymentRoot="false" enabled="false" runDeploymentRoot="Administrator_UUM1R71IXPSAPEY 2016-06-16 09_45_38">
      <DeploymentItem filename="E:\高考必备\src\高考必备\Zxxk.Gkbb.Web\Zxxk.Gkbb.Web\Lib\Dos.ORM.dll" />
      <DeploymentItem filename="E:\高考必备\src\高考必备\Zxxk.Gkbb.Web\Zxxk.Gkbb.Web\Lib\Dos.Common.dll" />
      <DeploymentItem filename="E:\高考必备\src\高考必备\Zxxk.Gkbb.BusinessLayer\bin\Debug\Zxxk.Gkbb.BusinessLayer.dll" />
    </Deployment>
    <Execution>
      <TestTypeSpecific />
      <AgentRule name="Execution Agents">
      </AgentRule>
    </Execution>
  </TestSettings>
  <Times creation="2016-06-16T09:45:38.6557609+08:00" queuing="2016-06-16T09:45:40.3207646+08:00" start="2016-06-16T09:45:40.4027659+08:00" finish="2016-06-16T09:45:43.3117861+08:00" />
  <ResultSummary outcome="Completed">
    <Counters total="1" executed="1" passed="1" error="0" failed="0" timeout="0" aborted="0" inconclusive="0" passedButRunAborted="0" notRunnable="0" notExecuted="0" disconnected="0" warning="0" completed="0" inProgress="0" pending="0" />
  </ResultSummary>
  <TestDefinitions>
    <UnitTest name="TestMethod1" storage="e:\高考必备\src\高考必备\zxxk.gkbb.testproject\bin\debug\zxxk.gkbb.testproject.dll" id="8d70f5bd-da3e-cb6d-78ae-0ad5023288ae">
      <Execution id="2c15a7b2-d241-4921-af2f-7d8bed599820" />
      <TestMethod codeBase="E:/高考必备/src/高考必备/Zxxk.Gkbb.TestProject/bin/Debug/Zxxk.Gkbb.TestProject.DLL" adapterTypeName="Microsoft.VisualStudio.TestTools.TestTypes.Unit.UnitTestAdapter, Microsoft.VisualStudio.QualityTools.Tips.UnitTest.Adapter, Version=10.0.0.0, Culture=neutral, PublicKeyToken=b03f5f7f11d50a3a" className="Zxxk.Gkbb.TestProject.UnitTest1, Zxxk.Gkbb.TestProject, Version=1.0.0.0, Culture=neutral, PublicKeyToken=null" name="TestMethod1" />
    </UnitTest>
  </TestDefinitions>
  <TestLists>
    <TestList name="列表中未列出的结果" id="8c84fa94-04c1-424b-9868-57a2d4851a1d" />
    <TestList name="所有已加载的结果" id="19431567-8539-422a-85d7-44ee4e166bda" />
  </TestLists>
  <TestEntries>
    <TestEntry testId="8d70f5bd-da3e-cb6d-78ae-0ad5023288ae" executionId="2c15a7b2-d241-4921-af2f-7d8bed599820" testListId="8c84fa94-04c1-424b-9868-57a2d4851a1d" />
  </TestEntries>
  <Results>
    <UnitTestResult executionId="2c15a7b2-d241-4921-af2f-7d8bed599820" testId="8d70f5bd-da3e-cb6d-78ae-0ad5023288ae" testName="TestMethod1" computerName="UUM1R71IXPSAPEY" duration="00:00:00.7867224" startTime="2016-06-16T09:45:40.4727660+08:00" endTime="2016-06-16T09:45:43.2217860+08:00" testType="13cdc9d9-ddb5-4fa4-a97d-d965ccfc6d4b" outcome="Passed" testListId="8c84fa94-04c1-424b-9868-57a2d4851a1d" relativeResultsDirectory="2c15a7b2-d241-4921-af2f-7d8bed599820">
    </UnitTestResult>
  </Results>
</TestRun>