<?xml version="1.0" encoding="UTF-8"?>
<TestRun id="d8e1faa3-b9c2-4df9-854d-fd37c3317b6a" name="Administrator@UUM1R71IXPSAPEY 2016-06-16 08:31:09" runUser="UUM1R71IXPSAPEY\Administrator" xmlns="http://microsoft.com/schemas/VisualStudio/TeamTest/2010">
  <TestSettings name="本地" id="d1175858-48da-4a0e-addb-e0e174b72d3a">
    <Description>这些设置为本地测试运行的默认测试设置。</Description>
    <Deployment enabled="false" runDeploymentRoot="Administrator_UUM1R71IXPSAPEY 2016-06-16 08_31_09">
      <DeploymentItem filename="E:\高考必备\src\高考必备\Zxxk.Gkbb.Web\Zxxk.Gkbb.Web\Lib\Dos.ORM.dll" />
      <DeploymentItem filename="E:\高考必备\src\高考必备\Zxxk.Gkbb.Web\Zxxk.Gkbb.Web\Lib\Dos.Common.dll" />
      <DeploymentItem filename="E:\高考必备\src\高考必备\Zxxk.Gkbb.BusinessLayer\bin\Debug\Zxxk.Gkbb.BusinessLayer.dll" />
    </Deployment>
    <Execution>
      <TestTypeSpecific />
      <AgentRule name="Execution Agents">
      </AgentRule>
    </Execution>
  </TestSettings>
  <Times creation="2016-06-16T08:31:09.6643943+08:00" queuing="2016-06-16T08:31:10.1664230+08:00" start="2016-06-16T08:31:10.1974248+08:00" finish="2016-06-16T08:31:10.5234434+08:00" />
  <ResultSummary outcome="Failed">
    <Counters total="1" executed="1" error="0" failed="1" timeout="0" aborted="0" inconclusive="0" passedButRunAborted="0" notRunnable="0" notExecuted="0" disconnected="0" warning="0" passed="0" completed="0" inProgress="0" pending="0" />
  </ResultSummary>
  <TestDefinitions>
    <UnitTest name="TestMethod1" storage="e:\高考必备\src\高考必备\zxxk.gkbb.testproject\bin\debug\zxxk.gkbb.testproject.dll" id="8d70f5bd-da3e-cb6d-78ae-0ad5023288ae">
      <Execution id="46622228-c34c-4540-818f-7ee72b55530a" />
      <TestMethod codeBase="E:/高考必备/src/高考必备/Zxxk.Gkbb.TestProject/bin/Debug/Zxxk.Gkbb.TestProject.DLL" adapterTypeName="Microsoft.VisualStudio.TestTools.TestTypes.Unit.UnitTestAdapter, Microsoft.VisualStudio.QualityTools.Tips.UnitTest.Adapter, Version=10.0.0.0, Culture=neutral, PublicKeyToken=b03f5f7f11d50a3a" className="Zxxk.Gkbb.TestProject.UnitTest1, Zxxk.Gkbb.TestProject, Version=1.0.0.0, Culture=neutral, PublicKeyToken=null" name="TestMethod1" />
    </UnitTest>
  </TestDefinitions>
  <TestLists>
    <TestList name="列表中未列出的结果" id="8c84fa94-04c1-424b-9868-57a2d4851a1d" />
    <TestList name="所有已加载的结果" id="19431567-8539-422a-85d7-44ee4e166bda" />
  </TestLists>
  <TestEntries>
    <TestEntry testId="8d70f5bd-da3e-cb6d-78ae-0ad5023288ae" executionId="46622228-c34c-4540-818f-7ee72b55530a" testListId="8c84fa94-04c1-424b-9868-57a2d4851a1d" />
  </TestEntries>
  <Results>
    <UnitTestResult executionId="46622228-c34c-4540-818f-7ee72b55530a" testId="8d70f5bd-da3e-cb6d-78ae-0ad5023288ae" testName="TestMethod1" computerName="UUM1R71IXPSAPEY" duration="00:00:00.0306196" startTime="2016-06-16T08:31:10.2164259+08:00" endTime="2016-06-16T08:31:10.5094426+08:00" testType="13cdc9d9-ddb5-4fa4-a97d-d965ccfc6d4b" outcome="Failed" testListId="8c84fa94-04c1-424b-9868-57a2d4851a1d" relativeResultsDirectory="46622228-c34c-4540-818f-7ee72b55530a">
      <Output>
        <ErrorInfo>
          <Message>测试方法 Zxxk.Gkbb.TestProject.UnitTest1.TestMethod1 引发了异常: 
System.TypeInitializationException: “Zxxk.Gkbb.Common.Const”的类型初始值设定项引发异常。 ---&gt; System.NullReferenceException: 未将对象引用设置到对象的实例。</Message>
          <StackTrace>    在 Zxxk.Gkbb.Common.Const..cctor() 位置 E:\高考必备\src\高考必备\Zxxk.Gkbb.Common\Const.cs:行号 18
 --- 内部异常堆栈跟踪的末尾 ---
    在 Zxxk.Gkbb.ExternalInterface.CollegeEntranceService.GetTest() 位置 E:\高考必备\src\高考必备\Zxxk.Gkbb.ExternalInterface\CollegeEntranceService.cs:行号 22
   在 Zxxk.Gkbb.BusinessLayer.TestLayer.Insert() 位置 E:\高考必备\src\高考必备\Zxxk.Gkbb.BusinessLayer\Implements\TestLayer.cs:行号 15
   在 Zxxk.Gkbb.TestProject.UnitTest1.TestMethod1() 位置 E:\高考必备\src\高考必备\Zxxk.Gkbb.TestProject\UnitTest1.cs:行号 17
</StackTrace>
        </ErrorInfo>
      </Output>
    </UnitTestResult>
  </Results>
</TestRun>